#
# There is insufficient memory for the Java Runtime Environment to continue.
# Native memory allocation (malloc) failed to allocate 2146336 bytes for Chunk::new
# Possible reasons:
#   The system is out of physical RAM or swap space
#   The process is running with CompressedOops enabled, and the Java Heap may be blocking the growth of the native heap
# Possible solutions:
#   Reduce memory load on the system
#   Increase physical memory or swap space
#   Check if swap backing store is full
#   Decrease Java heap size (-Xmx/-Xms)
#   Decrease number of Java threads
#   Decrease Java thread stack sizes (-Xss)
#   Set larger code cache with -XX:ReservedCodeCacheSize=
#   JVM is running with Unscaled Compressed Oops mode in which the Java heap is
#     placed in the first 4GB address space. The Java Heap base address is the
#     maximum limit for the native heap growth. Please use -XX:HeapBaseMinAddress
#     to set the Java Heap base and to place the Java Heap above 4GB virtual address.
# This output file may be truncated or incomplete.
#
#  Out of Memory Error (arena.cpp:189), pid=12780, tid=1928
#
# JRE version: Java(TM) SE Runtime Environment (17.0.8+9) (build 17.0.8+9-LTS-211)
# Java VM: Java HotSpot(TM) 64-Bit Server VM (17.0.8+9-LTS-211, mixed mode, sharing, tiered, compressed oops, compressed class ptrs, g1 gc, windows-amd64)
# No core dump will be written. Minidumps are not enabled by default on client versions of Windows
#

---------------  S U M M A R Y ------------

Command Line: -ea -Didea.test.cyclic.buffer.size=1048576 -javaagent:C:\Program Files\JetBrains\IntelliJ IDEA Community Edition 2023.1.4\lib\idea_rt.jar=63641:C:\Program Files\JetBrains\IntelliJ IDEA Community Edition 2023.1.4\bin -Dfile.encoding=UTF-8 com.intellij.rt.junit.JUnitStarter -ideVersion5 -junit5 org.example.tests.OnlinePaymentPopUpTest

Host: AMD Ryzen 5 5500U with Radeon Graphics         , 12 cores, 7G,  Windows 10 , 64 bit Build 19041 (10.0.19041.4717)
Time: Sun Sep  8 19:41:24 2024 RTZ 2 (s 10 , 64 bit Build 19041 (10.0.19041.4717) elapsed time: 1.380997 seconds (0d 0h 0m 1s)

---------------  T H R E A D  ---------------

Current thread (0x0000027d9a80a450):  JavaThread "C2 CompilerThread2" daemon [_thread_in_native, id=1928, stack(0x00000082f0500000,0x00000082f0600000)]


Current CompileTask:
C2:   1381 1848       4       java.time.zone.Ser::readOffset (34 bytes)

Stack: [0x00000082f0500000,0x00000082f0600000]
Native frames: (J=compiled Java code, j=interpreted, Vv=VM code, C=native code)
V  [jvm.dll+0x677d0a]
V  [jvm.dll+0x7d8c54]
V  [jvm.dll+0x7da3fe]
V  [jvm.dll+0x7daa63]
V  [jvm.dll+0x245c5f]
V  [jvm.dll+0xaaa6b]
V  [jvm.dll+0xab00c]
V  [jvm.dll+0x361e8e]
V  [jvm.dll+0x1bb87a]
V  [jvm.dll+0x218157]
V  [jvm.dll+0x217431]
V  [jvm.dll+0x1a3af0]
V  [jvm.dll+0x2270be]
V  [jvm.dll+0x22535b]
V  [jvm.dll+0x78e7bc]
V  [jvm.dll+0x788bba]
V  [jvm.dll+0x676b35]
C  [ucrtbase.dll+0x21bb2]
C  [KERNEL32.DLL+0x17374]
C  [ntdll.dll+0x4cc91]


---------------  P R O C E S S  ---------------

Threads class SMR info:
_java_thread_list=0x0000027d9bd446c0, length=23, elements={
0x0000027d34541bf0, 0x0000027d545112b0, 0x0000027d54511f20, 0x0000027d5452b950,
0x0000027d5452c300, 0x0000027d5452dcc0, 0x0000027d5452e670, 0x0000027d5452f350,
0x0000027d5452fdf0, 0x0000027d54534c00, 0x0000027d5475df20, 0x0000027d5476e930,
0x0000027d54869630, 0x0000027d5486cf70, 0x0000027d9a80a450, 0x0000027d9b790a90,
0x0000027d9b42c6d0, 0x0000027d9a8c5440, 0x0000027d9aae9d00, 0x0000027d9b62d430,
0x0000027d9b62d900, 0x0000027d9bf1d8a0, 0x0000027d9bf20d90
}

Java Threads: ( => current thread )
  0x0000027d34541bf0 JavaThread "Forwarding newSession on session null to remote" [_thread_blocked, id=9812, stack(0x00000082ee900000,0x00000082eea00000)]
  0x0000027d545112b0 JavaThread "Reference Handler" daemon [_thread_blocked, id=14236, stack(0x00000082ef000000,0x00000082ef100000)]
  0x0000027d54511f20 JavaThread "Finalizer" daemon [_thread_blocked, id=2152, stack(0x00000082ef100000,0x00000082ef200000)]
  0x0000027d5452b950 JavaThread "Signal Dispatcher" daemon [_thread_blocked, id=13480, stack(0x00000082ef200000,0x00000082ef300000)]
  0x0000027d5452c300 JavaThread "Attach Listener" daemon [_thread_blocked, id=12928, stack(0x00000082ef300000,0x00000082ef400000)]
  0x0000027d5452dcc0 JavaThread "Service Thread" daemon [_thread_blocked, id=11468, stack(0x00000082ef400000,0x00000082ef500000)]
  0x0000027d5452e670 JavaThread "Monitor Deflation Thread" daemon [_thread_blocked, id=12800, stack(0x00000082ef500000,0x00000082ef600000)]
  0x0000027d5452f350 JavaThread "C2 CompilerThread0" daemon [_thread_in_native, id=13364, stack(0x00000082ef600000,0x00000082ef700000)]
  0x0000027d5452fdf0 JavaThread "C1 CompilerThread0" daemon [_thread_blocked, id=13596, stack(0x00000082ef700000,0x00000082ef800000)]
  0x0000027d54534c00 JavaThread "Sweeper thread" daemon [_thread_blocked, id=13380, stack(0x00000082ef800000,0x00000082ef900000)]
  0x0000027d5475df20 JavaThread "Common-Cleaner" daemon [_thread_blocked, id=13792, stack(0x00000082ef900000,0x00000082efa00000)]
  0x0000027d5476e930 JavaThread "C2 CompilerThread1" daemon [_thread_blocked, id=4468, stack(0x00000082efa00000,0x00000082efb00000)]
  0x0000027d54869630 JavaThread "Monitor Ctrl-Break" daemon [_thread_in_native, id=13652, stack(0x00000082efb00000,0x00000082efc00000)]
  0x0000027d5486cf70 JavaThread "Notification Thread" daemon [_thread_blocked, id=11824, stack(0x00000082efc00000,0x00000082efd00000)]
=>0x0000027d9a80a450 JavaThread "C2 CompilerThread2" daemon [_thread_in_native, id=1928, stack(0x00000082f0500000,0x00000082f0600000)]
  0x0000027d9b790a90 JavaThread "ForkJoinPool.commonPool-worker-1" daemon [_thread_blocked, id=13444, stack(0x00000082f0a00000,0x00000082f0b00000)]
  0x0000027d9b42c6d0 JavaThread "HttpClient-1-SelectorManager" daemon [_thread_in_native, id=11440, stack(0x00000082f0b00000,0x00000082f0c00000)]
  0x0000027d9a8c5440 JavaThread "External Process Output Forwarder - C:\Users\rusokolov\.cache\selenium\chromedriver\win64\128.0.6613.119\chromedriver.exe" daemon [_thread_in_native, id=11676, stack(0x00000082f0c00000,0x00000082f0d00000)]
  0x0000027d9aae9d00 JavaThread "Driver Service Executor" daemon [_thread_blocked, id=2480, stack(0x00000082f0d00000,0x00000082f0e00000)]
  0x0000027d9b62d430 JavaThread "Driver Service Executor" daemon [_thread_in_native, id=2068, stack(0x00000082f0e00000,0x00000082f0f00000)]
  0x0000027d9b62d900 JavaThread "UrlChecker-2" daemon [_thread_blocked, id=1456, stack(0x00000082f0f00000,0x00000082f1000000)]
  0x0000027d9bf1d8a0 JavaThread "Keep-Alive-Timer" daemon [_thread_blocked, id=3612, stack(0x00000082f1100000,0x00000082f1200000)]
  0x0000027d9bf20d90 JavaThread "JdkHttpClient-0-0" daemon [_thread_in_Java, id=14176, stack(0x00000082f1200000,0x00000082f1300000)]

Other Threads:
  0x0000027d5450c3a0 VMThread "VM Thread" [stack: 0x00000082eef00000,0x00000082ef000000] [id=8452]
  0x0000027d345b6a90 WatcherThread [stack: 0x00000082efd00000,0x00000082efe00000] [id=2856]
  0x0000027d34599420 GCTaskThread "GC Thread#0" [stack: 0x00000082eea00000,0x00000082eeb00000] [id=13720]
  0x0000027d9a821800 GCTaskThread "GC Thread#1" [stack: 0x00000082efe00000,0x00000082eff00000] [id=13656]
  0x0000027d9a6d5050 GCTaskThread "GC Thread#2" [stack: 0x00000082eff00000,0x00000082f0000000] [id=14308]
  0x0000027d9a9e1320 GCTaskThread "GC Thread#3" [stack: 0x00000082f0000000,0x00000082f0100000] [id=13940]
  0x0000027d9a9e15d0 GCTaskThread "GC Thread#4" [stack: 0x00000082f0100000,0x00000082f0200000] [id=6988]
  0x0000027d9a80e780 GCTaskThread "GC Thread#5" [stack: 0x00000082f0200000,0x00000082f0300000] [id=13872]
  0x0000027d9a80f240 GCTaskThread "GC Thread#6" [stack: 0x00000082f0300000,0x00000082f0400000] [id=10348]
  0x0000027d9a718b40 GCTaskThread "GC Thread#7" [stack: 0x00000082f0400000,0x00000082f0500000] [id=13812]
  0x0000027d9a718330 GCTaskThread "GC Thread#8" [stack: 0x00000082f0600000,0x00000082f0700000] [id=10328]
  0x0000027d9a7175c0 GCTaskThread "GC Thread#9" [stack: 0x00000082f0700000,0x00000082f0800000] [id=13044]
  0x0000027d345a8f20 ConcurrentGCThread "G1 Main Marker" [stack: 0x00000082eeb00000,0x00000082eec00000] [id=12864]
  0x0000027d345a9930 ConcurrentGCThread "G1 Conc#0" [stack: 0x00000082eec00000,0x00000082eed00000] [id=14248]
  0x0000027d543cb590 ConcurrentGCThread "G1 Refine#0" [stack: 0x00000082eed00000,0x00000082eee00000] [id=9520]
  0x0000027d9b17f530 ConcurrentGCThread "G1 Refine#1" [stack: 0x00000082f0800000,0x00000082f0900000] [id=13420]
  0x0000027d9afa07e0 ConcurrentGCThread "G1 Refine#2" [stack: 0x00000082f0900000,0x00000082f0a00000] [id=9248]
  0x0000027d543cddd0 ConcurrentGCThread "G1 Service" [stack: 0x00000082eee00000,0x00000082eef00000] [id=12396]

Threads with active compile tasks:
C2 CompilerThread0     1390 2101       4       java.lang.invoke.MethodType::makeImpl (109 bytes)
C2 CompilerThread2     1390 1848       4       java.time.zone.Ser::readOffset (34 bytes)

VM state: not at safepoint (normal execution)

VM Mutex/Monitor currently owned by a thread: None

Heap address: 0x000000008a200000, size: 1886 MB, Compressed Oops mode: 32-bit

CDS archive(s) mapped at: [0x0000027d55000000-0x0000027d55bd0000-0x0000027d55bd0000), size 12386304, SharedBaseAddress: 0x0000027d55000000, ArchiveRelocationMode: 1.
Compressed class space mapped at: 0x0000027d56000000-0x0000027d96000000, reserved size: 1073741824
Narrow klass base: 0x0000027d55000000, Narrow klass shift: 0, Narrow klass range: 0x100000000

GC Precious Log:
 CPUs: 12 total, 12 available
 Memory: 7541M
 Large Page Support: Disabled
 NUMA Support: Disabled
 Compressed Oops: Enabled (32-bit)
 Heap Region Size: 1M
 Heap Min Capacity: 8M
 Heap Initial Capacity: 118M
 Heap Max Capacity: 1886M
 Pre-touch: Disabled
 Parallel Workers: 10
 Concurrent Workers: 3
 Concurrent Refinement Workers: 10
 Periodic GC: Disabled

Heap:
 garbage-first heap   total 120832K, used 21857K [0x000000008a200000, 0x0000000100000000)
  region size 1024K, 15 young (15360K), 5 survivors (5120K)
 Metaspace       used 15268K, committed 15552K, reserved 1114112K
  class space    used 1888K, committed 1984K, reserved 1048576K

Heap Regions: E=young(eden), S=young(survivor), O=old, HS=humongous(starts), HC=humongous(continues), CS=collection set, F=free, OA=open archive, CA=closed archive, TAMS=top-at-mark-start (previous, next)
|   0|0x000000008a200000, 0x000000008a300000, 0x000000008a300000|100%| O|  |TAMS 0x000000008a200000, 0x000000008a200000| Untracked 
|   1|0x000000008a300000, 0x000000008a400000, 0x000000008a400000|100%| O|  |TAMS 0x000000008a300000, 0x000000008a300000| Untracked 
|   2|0x000000008a400000, 0x000000008a500000, 0x000000008a500000|100%| O|  |TAMS 0x000000008a400000, 0x000000008a400000| Untracked 
|   3|0x000000008a500000, 0x000000008a600000, 0x000000008a600000|100%| O|  |TAMS 0x000000008a500000, 0x000000008a500000| Untracked 
|   4|0x000000008a600000, 0x000000008a700000, 0x000000008a700000|100%| O|  |TAMS 0x000000008a600000, 0x000000008a600000| Untracked 
|   5|0x000000008a700000, 0x000000008a800000, 0x000000008a800000|100%| O|  |TAMS 0x000000008a700000, 0x000000008a700000| Untracked 
|   6|0x000000008a800000, 0x000000008a900000, 0x000000008a900000|100%| O|  |TAMS 0x000000008a800000, 0x000000008a800000| Untracked 
|   7|0x000000008a900000, 0x000000008a958600, 0x000000008aa00000| 34%| O|  |TAMS 0x000000008a900000, 0x000000008a900000| Untracked 
|   8|0x000000008aa00000, 0x000000008aa00000, 0x000000008ab00000|  0%| F|  |TAMS 0x000000008aa00000, 0x000000008aa00000| Untracked 
|   9|0x000000008ab00000, 0x000000008ab00000, 0x000000008ac00000|  0%| F|  |TAMS 0x000000008ab00000, 0x000000008ab00000| Untracked 
|  10|0x000000008ac00000, 0x000000008ac00000, 0x000000008ad00000|  0%| F|  |TAMS 0x000000008ac00000, 0x000000008ac00000| Untracked 
|  11|0x000000008ad00000, 0x000000008ad00000, 0x000000008ae00000|  0%| F|  |TAMS 0x000000008ad00000, 0x000000008ad00000| Untracked 
|  12|0x000000008ae00000, 0x000000008ae00000, 0x000000008af00000|  0%| F|  |TAMS 0x000000008ae00000, 0x000000008ae00000| Untracked 
|  13|0x000000008af00000, 0x000000008af00000, 0x000000008b000000|  0%| F|  |TAMS 0x000000008af00000, 0x000000008af00000| Untracked 
|  14|0x000000008b000000, 0x000000008b000000, 0x000000008b100000|  0%| F|  |TAMS 0x000000008b000000, 0x000000008b000000| Untracked 
|  15|0x000000008b100000, 0x000000008b100000, 0x000000008b200000|  0%| F|  |TAMS 0x000000008b100000, 0x000000008b100000| Untracked 
|  16|0x000000008b200000, 0x000000008b200000, 0x000000008b300000|  0%| F|  |TAMS 0x000000008b200000, 0x000000008b200000| Untracked 
|  17|0x000000008b300000, 0x000000008b300000, 0x000000008b400000|  0%| F|  |TAMS 0x000000008b300000, 0x000000008b300000| Untracked 
|  18|0x000000008b400000, 0x000000008b400000, 0x000000008b500000|  0%| F|  |TAMS 0x000000008b400000, 0x000000008b400000| Untracked 
|  19|0x000000008b500000, 0x000000008b500000, 0x000000008b600000|  0%| F|  |TAMS 0x000000008b500000, 0x000000008b500000| Untracked 
|  20|0x000000008b600000, 0x000000008b600000, 0x000000008b700000|  0%| F|  |TAMS 0x000000008b600000, 0x000000008b600000| Untracked 
|  21|0x000000008b700000, 0x000000008b700000, 0x000000008b800000|  0%| F|  |TAMS 0x000000008b700000, 0x000000008b700000| Untracked 
|  22|0x000000008b800000, 0x000000008b800000, 0x000000008b900000|  0%| F|  |TAMS 0x000000008b800000, 0x000000008b800000| Untracked 
|  23|0x000000008b900000, 0x000000008b900000, 0x000000008ba00000|  0%| F|  |TAMS 0x000000008b900000, 0x000000008b900000| Untracked 
|  24|0x000000008ba00000, 0x000000008ba00000, 0x000000008bb00000|  0%| F|  |TAMS 0x000000008ba00000, 0x000000008ba00000| Untracked 
|  25|0x000000008bb00000, 0x000000008bb00000, 0x000000008bc00000|  0%| F|  |TAMS 0x000000008bb00000, 0x000000008bb00000| Untracked 
|  26|0x000000008bc00000, 0x000000008bc00000, 0x000000008bd00000|  0%| F|  |TAMS 0x000000008bc00000, 0x000000008bc00000| Untracked 
|  27|0x000000008bd00000, 0x000000008bd00000, 0x000000008be00000|  0%| F|  |TAMS 0x000000008bd00000, 0x000000008bd00000| Untracked 
|  28|0x000000008be00000, 0x000000008be00000, 0x000000008bf00000|  0%| F|  |TAMS 0x000000008be00000, 0x000000008be00000| Untracked 
|  29|0x000000008bf00000, 0x000000008bf00000, 0x000000008c000000|  0%| F|  |TAMS 0x000000008bf00000, 0x000000008bf00000| Untracked 
|  30|0x000000008c000000, 0x000000008c000000, 0x000000008c100000|  0%| F|  |TAMS 0x000000008c000000, 0x000000008c000000| Untracked 
|  31|0x000000008c100000, 0x000000008c100000, 0x000000008c200000|  0%| F|  |TAMS 0x000000008c100000, 0x000000008c100000| Untracked 
|  32|0x000000008c200000, 0x000000008c200000, 0x000000008c300000|  0%| F|  |TAMS 0x000000008c200000, 0x000000008c200000| Untracked 
|  33|0x000000008c300000, 0x000000008c300000, 0x000000008c400000|  0%| F|  |TAMS 0x000000008c300000, 0x000000008c300000| Untracked 
|  34|0x000000008c400000, 0x000000008c400000, 0x000000008c500000|  0%| F|  |TAMS 0x000000008c400000, 0x000000008c400000| Untracked 
|  35|0x000000008c500000, 0x000000008c500000, 0x000000008c600000|  0%| F|  |TAMS 0x000000008c500000, 0x000000008c500000| Untracked 
|  36|0x000000008c600000, 0x000000008c600000, 0x000000008c700000|  0%| F|  |TAMS 0x000000008c600000, 0x000000008c600000| Untracked 
|  37|0x000000008c700000, 0x000000008c700000, 0x000000008c800000|  0%| F|  |TAMS 0x000000008c700000, 0x000000008c700000| Untracked 
|  38|0x000000008c800000, 0x000000008c800000, 0x000000008c900000|  0%| F|  |TAMS 0x000000008c800000, 0x000000008c800000| Untracked 
|  39|0x000000008c900000, 0x000000008c900000, 0x000000008ca00000|  0%| F|  |TAMS 0x000000008c900000, 0x000000008c900000| Untracked 
|  40|0x000000008ca00000, 0x000000008ca00000, 0x000000008cb00000|  0%| F|  |TAMS 0x000000008ca00000, 0x000000008ca00000| Untracked 
|  41|0x000000008cb00000, 0x000000008cb00000, 0x000000008cc00000|  0%| F|  |TAMS 0x000000008cb00000, 0x000000008cb00000| Untracked 
|  42|0x000000008cc00000, 0x000000008cc00000, 0x000000008cd00000|  0%| F|  |TAMS 0x000000008cc00000, 0x000000008cc00000| Untracked 
|  43|0x000000008cd00000, 0x000000008cd00000, 0x000000008ce00000|  0%| F|  |TAMS 0x000000008cd00000, 0x000000008cd00000| Untracked 
|  44|0x000000008ce00000, 0x000000008ce00000, 0x000000008cf00000|  0%| F|  |TAMS 0x000000008ce00000, 0x000000008ce00000| Untracked 
|  45|0x000000008cf00000, 0x000000008cf00000, 0x000000008d000000|  0%| F|  |TAMS 0x000000008cf00000, 0x000000008cf00000| Untracked 
|  46|0x000000008d000000, 0x000000008d000000, 0x000000008d100000|  0%| F|  |TAMS 0x000000008d000000, 0x000000008d000000| Untracked 
|  47|0x000000008d100000, 0x000000008d100000, 0x000000008d200000|  0%| F|  |TAMS 0x000000008d100000, 0x000000008d100000| Untracked 
|  48|0x000000008d200000, 0x000000008d200000, 0x000000008d300000|  0%| F|  |TAMS 0x000000008d200000, 0x000000008d200000| Untracked 
|  49|0x000000008d300000, 0x000000008d300000, 0x000000008d400000|  0%| F|  |TAMS 0x000000008d300000, 0x000000008d300000| Untracked 
|  50|0x000000008d400000, 0x000000008d400000, 0x000000008d500000|  0%| F|  |TAMS 0x000000008d400000, 0x000000008d400000| Untracked 
|  51|0x000000008d500000, 0x000000008d500000, 0x000000008d600000|  0%| F|  |TAMS 0x000000008d500000, 0x000000008d500000| Untracked 
|  52|0x000000008d600000, 0x000000008d600000, 0x000000008d700000|  0%| F|  |TAMS 0x000000008d600000, 0x000000008d600000| Untracked 
|  53|0x000000008d700000, 0x000000008d700000, 0x000000008d800000|  0%| F|  |TAMS 0x000000008d700000, 0x000000008d700000| Untracked 
|  54|0x000000008d800000, 0x000000008d800000, 0x000000008d900000|  0%| F|  |TAMS 0x000000008d800000, 0x000000008d800000| Untracked 
|  55|0x000000008d900000, 0x000000008d900000, 0x000000008da00000|  0%| F|  |TAMS 0x000000008d900000, 0x000000008d900000| Untracked 
|  56|0x000000008da00000, 0x000000008da00000, 0x000000008db00000|  0%| F|  |TAMS 0x000000008da00000, 0x000000008da00000| Untracked 
|  57|0x000000008db00000, 0x000000008db00000, 0x000000008dc00000|  0%| F|  |TAMS 0x000000008db00000, 0x000000008db00000| Untracked 
|  58|0x000000008dc00000, 0x000000008dc00000, 0x000000008dd00000|  0%| F|  |TAMS 0x000000008dc00000, 0x000000008dc00000| Untracked 
|  59|0x000000008dd00000, 0x000000008dd00000, 0x000000008de00000|  0%| F|  |TAMS 0x000000008dd00000, 0x000000008dd00000| Untracked 
|  60|0x000000008de00000, 0x000000008de00000, 0x000000008df00000|  0%| F|  |TAMS 0x000000008de00000, 0x000000008de00000| Untracked 
|  61|0x000000008df00000, 0x000000008df00000, 0x000000008e000000|  0%| F|  |TAMS 0x000000008df00000, 0x000000008df00000| Untracked 
|  62|0x000000008e000000, 0x000000008e000000, 0x000000008e100000|  0%| F|  |TAMS 0x000000008e000000, 0x000000008e000000| Untracked 
|  63|0x000000008e100000, 0x000000008e100000, 0x000000008e200000|  0%| F|  |TAMS 0x000000008e100000, 0x000000008e100000| Untracked 
|  64|0x000000008e200000, 0x000000008e200000, 0x000000008e300000|  0%| F|  |TAMS 0x000000008e200000, 0x000000008e200000| Untracked 
|  65|0x000000008e300000, 0x000000008e300000, 0x000000008e400000|  0%| F|  |TAMS 0x000000008e300000, 0x000000008e300000| Untracked 
|  66|0x000000008e400000, 0x000000008e400000, 0x000000008e500000|  0%| F|  |TAMS 0x000000008e400000, 0x000000008e400000| Untracked 
|  67|0x000000008e500000, 0x000000008e500000, 0x000000008e600000|  0%| F|  |TAMS 0x000000008e500000, 0x000000008e500000| Untracked 
|  68|0x000000008e600000, 0x000000008e600000, 0x000000008e700000|  0%| F|  |TAMS 0x000000008e600000, 0x000000008e600000| Untracked 
|  69|0x000000008e700000, 0x000000008e700000, 0x000000008e800000|  0%| F|  |TAMS 0x000000008e700000, 0x000000008e700000| Untracked 
|  70|0x000000008e800000, 0x000000008e800000, 0x000000008e900000|  0%| F|  |TAMS 0x000000008e800000, 0x000000008e800000| Untracked 
|  71|0x000000008e900000, 0x000000008e900000, 0x000000008ea00000|  0%| F|  |TAMS 0x000000008e900000, 0x000000008e900000| Untracked 
|  72|0x000000008ea00000, 0x000000008ea00000, 0x000000008eb00000|  0%| F|  |TAMS 0x000000008ea00000, 0x000000008ea00000| Untracked 
|  73|0x000000008eb00000, 0x000000008eb00000, 0x000000008ec00000|  0%| F|  |TAMS 0x000000008eb00000, 0x000000008eb00000| Untracked 
|  74|0x000000008ec00000, 0x000000008ec00000, 0x000000008ed00000|  0%| F|  |TAMS 0x000000008ec00000, 0x000000008ec00000| Untracked 
|  75|0x000000008ed00000, 0x000000008ed00000, 0x000000008ee00000|  0%| F|  |TAMS 0x000000008ed00000, 0x000000008ed00000| Untracked 
|  76|0x000000008ee00000, 0x000000008ee00000, 0x000000008ef00000|  0%| F|  |TAMS 0x000000008ee00000, 0x000000008ee00000| Untracked 
|  77|0x000000008ef00000, 0x000000008ef00000, 0x000000008f000000|  0%| F|  |TAMS 0x000000008ef00000, 0x000000008ef00000| Untracked 
|  78|0x000000008f000000, 0x000000008f000000, 0x000000008f100000|  0%| F|  |TAMS 0x000000008f000000, 0x000000008f000000| Untracked 
|  79|0x000000008f100000, 0x000000008f100000, 0x000000008f200000|  0%| F|  |TAMS 0x000000008f100000, 0x000000008f100000| Untracked 
|  80|0x000000008f200000, 0x000000008f300000, 0x000000008f300000|100%| S|CS|TAMS 0x000000008f200000, 0x000000008f200000| Complete 
|  81|0x000000008f300000, 0x000000008f400000, 0x000000008f400000|100%| S|CS|TAMS 0x000000008f300000, 0x000000008f300000| Complete 
|  82|0x000000008f400000, 0x000000008f500000, 0x000000008f500000|100%| S|CS|TAMS 0x000000008f400000, 0x000000008f400000| Complete 
|  83|0x000000008f500000, 0x000000008f600000, 0x000000008f600000|100%| S|CS|TAMS 0x000000008f500000, 0x000000008f500000| Complete 
|  84|0x000000008f600000, 0x000000008f700000, 0x000000008f700000|100%| S|CS|TAMS 0x000000008f600000, 0x000000008f600000| Complete 
|  85|0x000000008f700000, 0x000000008f700000, 0x000000008f800000|  0%| F|  |TAMS 0x000000008f700000, 0x000000008f700000| Untracked 
|  86|0x000000008f800000, 0x000000008f800000, 0x000000008f900000|  0%| F|  |TAMS 0x000000008f800000, 0x000000008f800000| Untracked 
|  87|0x000000008f900000, 0x000000008f900000, 0x000000008fa00000|  0%| F|  |TAMS 0x000000008f900000, 0x000000008f900000| Untracked 
|  88|0x000000008fa00000, 0x000000008fa00000, 0x000000008fb00000|  0%| F|  |TAMS 0x000000008fa00000, 0x000000008fa00000| Untracked 
|  89|0x000000008fb00000, 0x000000008fb00000, 0x000000008fc00000|  0%| F|  |TAMS 0x000000008fb00000, 0x000000008fb00000| Untracked 
|  90|0x000000008fc00000, 0x000000008fc00000, 0x000000008fd00000|  0%| F|  |TAMS 0x000000008fc00000, 0x000000008fc00000| Untracked 
|  91|0x000000008fd00000, 0x000000008fd00000, 0x000000008fe00000|  0%| F|  |TAMS 0x000000008fd00000, 0x000000008fd00000| Untracked 
|  92|0x000000008fe00000, 0x000000008fe00000, 0x000000008ff00000|  0%| F|  |TAMS 0x000000008fe00000, 0x000000008fe00000| Untracked 
|  93|0x000000008ff00000, 0x000000008ff00000, 0x0000000090000000|  0%| F|  |TAMS 0x000000008ff00000, 0x000000008ff00000| Untracked 
|  94|0x0000000090000000, 0x0000000090000000, 0x0000000090100000|  0%| F|  |TAMS 0x0000000090000000, 0x0000000090000000| Untracked 
|  95|0x0000000090100000, 0x0000000090100000, 0x0000000090200000|  0%| F|  |TAMS 0x0000000090100000, 0x0000000090100000| Untracked 
|  96|0x0000000090200000, 0x0000000090200000, 0x0000000090300000|  0%| F|  |TAMS 0x0000000090200000, 0x0000000090200000| Untracked 
|  97|0x0000000090300000, 0x0000000090300000, 0x0000000090400000|  0%| F|  |TAMS 0x0000000090300000, 0x0000000090300000| Untracked 
|  98|0x0000000090400000, 0x0000000090400000, 0x0000000090500000|  0%| F|  |TAMS 0x0000000090400000, 0x0000000090400000| Untracked 
|  99|0x0000000090500000, 0x0000000090500000, 0x0000000090600000|  0%| F|  |TAMS 0x0000000090500000, 0x0000000090500000| Untracked 
| 100|0x0000000090600000, 0x0000000090600000, 0x0000000090700000|  0%| F|  |TAMS 0x0000000090600000, 0x0000000090600000| Untracked 
| 101|0x0000000090700000, 0x0000000090700000, 0x0000000090800000|  0%| F|  |TAMS 0x0000000090700000, 0x0000000090700000| Untracked 
| 102|0x0000000090800000, 0x0000000090800000, 0x0000000090900000|  0%| F|  |TAMS 0x0000000090800000, 0x0000000090800000| Untracked 
| 103|0x0000000090900000, 0x0000000090900000, 0x0000000090a00000|  0%| F|  |TAMS 0x0000000090900000, 0x0000000090900000| Untracked 
| 104|0x0000000090a00000, 0x0000000090a00000, 0x0000000090b00000|  0%| F|  |TAMS 0x0000000090a00000, 0x0000000090a00000| Untracked 
| 105|0x0000000090b00000, 0x0000000090b00000, 0x0000000090c00000|  0%| F|  |TAMS 0x0000000090b00000, 0x0000000090b00000| Untracked 
| 106|0x0000000090c00000, 0x0000000090c00000, 0x0000000090d00000|  0%| F|  |TAMS 0x0000000090c00000, 0x0000000090c00000| Untracked 
| 107|0x0000000090d00000, 0x0000000090d00000, 0x0000000090e00000|  0%| F|  |TAMS 0x0000000090d00000, 0x0000000090d00000| Untracked 
| 108|0x0000000090e00000, 0x0000000090f00000, 0x0000000090f00000|100%| E|  |TAMS 0x0000000090e00000, 0x0000000090e00000| Complete 
| 109|0x0000000090f00000, 0x0000000091000000, 0x0000000091000000|100%| E|CS|TAMS 0x0000000090f00000, 0x0000000090f00000| Complete 
| 110|0x0000000091000000, 0x0000000091100000, 0x0000000091100000|100%| E|CS|TAMS 0x0000000091000000, 0x0000000091000000| Complete 
| 111|0x0000000091100000, 0x0000000091200000, 0x0000000091200000|100%| E|CS|TAMS 0x0000000091100000, 0x0000000091100000| Complete 
| 112|0x0000000091200000, 0x0000000091300000, 0x0000000091300000|100%| E|CS|TAMS 0x0000000091200000, 0x0000000091200000| Complete 
| 113|0x0000000091300000, 0x0000000091400000, 0x0000000091400000|100%| E|CS|TAMS 0x0000000091300000, 0x0000000091300000| Complete 
| 114|0x0000000091400000, 0x0000000091500000, 0x0000000091500000|100%| E|CS|TAMS 0x0000000091400000, 0x0000000091400000| Complete 
| 115|0x0000000091500000, 0x0000000091600000, 0x0000000091600000|100%| E|CS|TAMS 0x0000000091500000, 0x0000000091500000| Complete 
| 116|0x0000000091600000, 0x0000000091700000, 0x0000000091700000|100%| E|CS|TAMS 0x0000000091600000, 0x0000000091600000| Complete 
| 117|0x0000000091700000, 0x0000000091800000, 0x0000000091800000|100%| E|CS|TAMS 0x0000000091700000, 0x0000000091700000| Complete 

Card table byte_map: [0x0000027d4d600000,0x0000027d4d9b0000] _byte_map_base: 0x0000027d4d1af000

Marking Bits (Prev, Next): (CMBitMap*) 0x0000027d34599a30, (CMBitMap*) 0x0000027d34599a70
 Prev Bits: [0x0000027d4dd60000, 0x0000027d4fad8000)
 Next Bits: [0x0000027d4fae0000, 0x0000027d51858000)

Polling page: 0x0000027d3d590000

Metaspace:

Usage:
  Non-class:     13.11 MB used.
      Class:      1.85 MB used.
       Both:     14.96 MB used.

Virtual space:
  Non-class space:       64.00 MB reserved,      13.31 MB ( 21%) committed,  1 nodes.
      Class space:        1.00 GB reserved,       1.94 MB ( <1%) committed,  1 nodes.
             Both:        1.06 GB reserved,      15.25 MB (  1%) committed. 

Chunk freelists:
   Non-Class:  2.11 MB
       Class:  13.94 MB
        Both:  16.05 MB

MaxMetaspaceSize: unlimited
CompressedClassSpaceSize: 1.00 GB
Initial GC threshold: 21.00 MB
Current GC threshold: 21.00 MB
CDS: on
MetaspaceReclaimPolicy: balanced
 - commit_granule_bytes: 65536.
 - commit_granule_words: 8192.
 - virtual_space_node_default_size: 8388608.
 - enlarge_chunks_in_place: 1.
 - new_chunks_are_fully_committed: 0.
 - uncommit_free_chunks: 1.
 - use_allocation_guard: 0.
 - handle_deallocations: 1.


Internal statistics:

num_allocs_failed_limit: 0.
num_arena_births: 246.
num_arena_deaths: 0.
num_vsnodes_births: 2.
num_vsnodes_deaths: 0.
num_space_committed: 244.
num_space_uncommitted: 0.
num_chunks_returned_to_freelist: 0.
num_chunks_taken_from_freelist: 661.
num_chunk_merges: 0.
num_chunk_splits: 399.
num_chunks_enlarged: 255.
num_purges: 0.
num_inconsistent_stats: 0.

CodeHeap 'non-profiled nmethods': size=120000Kb used=992Kb max_used=992Kb free=119008Kb
 bounds [0x0000027d45080000, 0x0000027d452f0000, 0x0000027d4c5b0000]
CodeHeap 'profiled nmethods': size=120000Kb used=4358Kb max_used=4358Kb free=115641Kb
 bounds [0x0000027d3d5b0000, 0x0000027d3da00000, 0x0000027d44ae0000]
CodeHeap 'non-nmethods': size=5760Kb used=1217Kb max_used=1247Kb free=4542Kb
 bounds [0x0000027d44ae0000, 0x0000027d44d50000, 0x0000027d45080000]
 total_blobs=2742 nmethods=2224 adapters=430
 compilation: enabled
              stopped_count=0, restarted_count=0
 full_count=0

Compilation events (20 events):
Event: 1.366 Thread 0x0000027d5452fdf0 nmethod 2203 0x0000027d3d9e5d90 code [0x0000027d3d9e60c0, 0x0000027d3d9e7638]
Event: 1.366 Thread 0x0000027d5452fdf0 2204       3       java.lang.invoke.LambdaForm$Name::isParam (13 bytes)
Event: 1.367 Thread 0x0000027d5452fdf0 nmethod 2204 0x0000027d3d9e7d10 code [0x0000027d3d9e7ea0, 0x0000027d3d9e8018]
Event: 1.367 Thread 0x0000027d5452fdf0 2205       3       java.lang.reflect.Modifier::isPrivate (12 bytes)
Event: 1.367 Thread 0x0000027d5452fdf0 nmethod 2205 0x0000027d3d9e8090 code [0x0000027d3d9e8220, 0x0000027d3d9e8378]
Event: 1.367 Thread 0x0000027d5452fdf0 2207       3       java.lang.invoke.MethodHandles$Lookup::findConstructor (61 bytes)
Event: 1.367 Thread 0x0000027d5452fdf0 nmethod 2207 0x0000027d3d9e8410 code [0x0000027d3d9e8680, 0x0000027d3d9e8eb8]
Event: 1.367 Thread 0x0000027d5452fdf0 2208       1       java.nio.DirectByteBufferR::isDirect (2 bytes)
Event: 1.367 Thread 0x0000027d5452fdf0 nmethod 2208 0x0000027d45173890 code [0x0000027d45173a20, 0x0000027d45173af8]
Event: 1.373 Thread 0x0000027d5452fdf0 2209       3       java.nio.Buffer::remaining (20 bytes)
Event: 1.373 Thread 0x0000027d5452fdf0 nmethod 2209 0x0000027d3d9e9210 code [0x0000027d3d9e93a0, 0x0000027d3d9e9538]
Event: 1.373 Thread 0x0000027d5452fdf0 2210       3       java.nio.ByteBuffer::<init> (47 bytes)
Event: 1.374 Thread 0x0000027d5452fdf0 nmethod 2210 0x0000027d3d9e9610 code [0x0000027d3d9e97c0, 0x0000027d3d9e99e8]
Event: 1.375 Thread 0x0000027d5476e930 nmethod 2200 0x0000027d45173b90 code [0x0000027d45173d40, 0x0000027d45174898]
Event: 1.375 Thread 0x0000027d5476e930 2201       4       java.lang.AbstractStringBuilder::append (55 bytes)
Event: 1.376 Thread 0x0000027d5452fdf0 2211       3       java.lang.invoke.LambdaForm$Name::replaceNames (175 bytes)
Event: 1.377 Thread 0x0000027d5452fdf0 nmethod 2211 0x0000027d3d9e9b10 code [0x0000027d3d9e9d40, 0x0000027d3d9ea958]
Event: 1.377 Thread 0x0000027d5452fdf0 2213       3       java.lang.invoke.LambdaForm$NamedFunction::member (26 bytes)
Event: 1.377 Thread 0x0000027d5452fdf0 nmethod 2213 0x0000027d3d9eac90 code [0x0000027d3d9eae20, 0x0000027d3d9eaf38]
Event: 1.377 Thread 0x0000027d5452fdf0 2214       3       java.lang.invoke.InvokerBytecodeGenerator::isStaticallyInvocable (165 bytes)

GC Heap History (4 events):
Event: 0.644 GC heap before
{Heap before GC invocations=0 (full 0):
 garbage-first heap   total 120832K, used 22528K [0x000000008a200000, 0x0000000100000000)
  region size 1024K, 23 young (23552K), 0 survivors (0K)
 Metaspace       used 6309K, committed 6528K, reserved 1114112K
  class space    used 792K, committed 896K, reserved 1048576K
}
Event: 0.653 GC heap after
{Heap after GC invocations=1 (full 0):
 garbage-first heap   total 120832K, used 4896K [0x000000008a200000, 0x0000000100000000)
  region size 1024K, 3 young (3072K), 3 survivors (3072K)
 Metaspace       used 6309K, committed 6528K, reserved 1114112K
  class space    used 792K, committed 896K, reserved 1048576K
}
Event: 1.044 GC heap before
{Heap before GC invocations=1 (full 0):
 garbage-first heap   total 120832K, used 35616K [0x000000008a200000, 0x0000000100000000)
  region size 1024K, 33 young (33792K), 3 survivors (3072K)
 Metaspace       used 10729K, committed 11008K, reserved 1114112K
  class space    used 1266K, committed 1408K, reserved 1048576K
}
Event: 1.063 GC heap after
{Heap after GC invocations=2 (full 0):
 garbage-first heap   total 120832K, used 12641K [0x000000008a200000, 0x0000000100000000)
  region size 1024K, 5 young (5120K), 5 survivors (5120K)
 Metaspace       used 10729K, committed 11008K, reserved 1114112K
  class space    used 1266K, committed 1408K, reserved 1048576K
}

Deoptimization events (20 events):
Event: 1.083 Thread 0x0000027d34541bf0 DEOPT PACKING pc=0x0000027d4511dd98 sp=0x00000082ee9fc260
Event: 1.083 Thread 0x0000027d34541bf0 DEOPT UNPACKING pc=0x0000027d44b323a3 sp=0x00000082ee9fc240 mode 2
Event: 1.130 Thread 0x0000027d34541bf0 Uncommon trap: trap_request=0xffffff45 fr.pc=0x0000027d451192b0 relative=0x0000000000000b30
Event: 1.130 Thread 0x0000027d34541bf0 Uncommon trap: reason=unstable_if action=reinterpret pc=0x0000027d451192b0 method=java.io.BufferedReader.readLine(Z[Z)Ljava/lang/String; @ 63 c2
Event: 1.130 Thread 0x0000027d34541bf0 DEOPT PACKING pc=0x0000027d451192b0 sp=0x00000082ee9fb220
Event: 1.130 Thread 0x0000027d34541bf0 DEOPT UNPACKING pc=0x0000027d44b323a3 sp=0x00000082ee9fb1b8 mode 2
Event: 1.131 Thread 0x0000027d34541bf0 Uncommon trap: trap_request=0xffffff45 fr.pc=0x0000027d4510a41c relative=0x000000000000015c
Event: 1.131 Thread 0x0000027d34541bf0 Uncommon trap: reason=unstable_if action=reinterpret pc=0x0000027d4510a41c method=java.lang.invoke.VarHandle.checkExactAccessMode(Ljava/lang/invoke/VarHandle$AccessDescriptor;)V @ 4 c2
Event: 1.131 Thread 0x0000027d34541bf0 DEOPT PACKING pc=0x0000027d4510a41c sp=0x00000082ee9fb0c0
Event: 1.131 Thread 0x0000027d34541bf0 DEOPT UNPACKING pc=0x0000027d44b323a3 sp=0x00000082ee9fb000 mode 2
Event: 1.296 Thread 0x0000027d34541bf0 Uncommon trap: trap_request=0xffffff45 fr.pc=0x0000027d450ba430 relative=0x0000000000000090
Event: 1.296 Thread 0x0000027d34541bf0 Uncommon trap: reason=unstable_if action=reinterpret pc=0x0000027d450ba430 method=sun.reflect.generics.parser.SignatureParser.current()C @ 39 c2
Event: 1.296 Thread 0x0000027d34541bf0 DEOPT PACKING pc=0x0000027d450ba430 sp=0x00000082ee9fa170
Event: 1.296 Thread 0x0000027d34541bf0 DEOPT UNPACKING pc=0x0000027d44b323a3 sp=0x00000082ee9fa108 mode 2
Event: 1.303 Thread 0x0000027d34541bf0 DEOPT PACKING pc=0x0000027d3d87e508 sp=0x00000082ee9fa9a0
Event: 1.303 Thread 0x0000027d34541bf0 DEOPT UNPACKING pc=0x0000027d44b32b43 sp=0x00000082ee9f9ea8 mode 0
Event: 1.333 Thread 0x0000027d34541bf0 Uncommon trap: trap_request=0xffffff45 fr.pc=0x0000027d450bd084 relative=0x0000000000000084
Event: 1.333 Thread 0x0000027d34541bf0 Uncommon trap: reason=unstable_if action=reinterpret pc=0x0000027d450bd084 method=java.lang.CharacterDataLatin1.isWhitespace(I)Z @ 14 c2
Event: 1.333 Thread 0x0000027d34541bf0 DEOPT PACKING pc=0x0000027d450bd084 sp=0x00000082ee9fc1e0
Event: 1.333 Thread 0x0000027d34541bf0 DEOPT UNPACKING pc=0x0000027d44b323a3 sp=0x00000082ee9fc150 mode 2

Classes unloaded (0 events):
No events

Classes redefined (0 events):
No events

Internal exceptions (20 events):
Event: 1.086 Thread 0x0000027d34541bf0 Exception <a 'java/net/SocketException'{0x000000009179ee10}: Socket is not connected: shutdown> (0x000000009179ee10) 
thrown [s\open\src\hotspot\share\prims\jni.cpp, line 535]
Event: 1.147 Thread 0x0000027d34541bf0 Exception <a 'java/lang/NoSuchMethodError'{0x000000009142a098}: 'java.lang.Object java.lang.invoke.DirectMethodHandle$Holder.invokeStaticInit(java.lang.Object, java.lang.Object, int)'> (0x000000009142a098) 
thrown [s\open\src\hotspot\share\interpreter\linkResolver.cpp, line 759]
Event: 1.148 Thread 0x0000027d34541bf0 Exception <a 'java/lang/NoSuchMethodError'{0x0000000091436180}: 'int java.lang.invoke.DirectMethodHandle$Holder.invokeStaticInit(java.lang.Object, java.lang.Object, java.lang.Object)'> (0x0000000091436180) 
thrown [s\open\src\hotspot\share\interpreter\linkResolver.cpp, line 759]
Event: 1.150 Thread 0x0000027d34541bf0 Exception <a 'java/lang/NoSuchMethodError'{0x000000009144ada0}: 'int java.lang.invoke.DirectMethodHandle$Holder.invokeSpecialIFC(java.lang.Object, java.lang.Object, java.lang.Object)'> (0x000000009144ada0) 
thrown [s\open\src\hotspot\share\interpreter\linkResolver.cpp, line 759]
Event: 1.212 Thread 0x0000027d34541bf0 Exception <a 'java/lang/IncompatibleClassChangeError'{0x00000000913e93f8}: Found class java.lang.Object, but interface was expected> (0x00000000913e93f8) 
thrown [s\open\src\hotspot\share\interpreter\linkResolver.cpp, line 826]
Event: 1.217 Thread 0x0000027d34541bf0 Exception <a 'java/lang/NoSuchMethodError'{0x0000000091226770}: 'java.lang.Object java.lang.invoke.DirectMethodHandle$Holder.invokeVirtual(java.lang.Object, java.lang.Object, java.lang.Object, java.lang.Object)'> (0x0000000091226770) 
thrown [s\open\src\hotspot\share\interpreter\linkResolver.cpp, line 759]
Event: 1.220 Thread 0x0000027d34541bf0 Exception <a 'java/lang/NoSuchMethodError'{0x000000009122e5a0}: 'void java.lang.invoke.DirectMethodHandle$Holder.invokeStatic(java.lang.Object, long)'> (0x000000009122e5a0) 
thrown [s\open\src\hotspot\share\interpreter\linkResolver.cpp, line 759]
Event: 1.221 Thread 0x0000027d34541bf0 Exception <a 'java/lang/NoSuchMethodError'{0x0000000091233e98}: 'java.lang.Object java.lang.invoke.DirectMethodHandle$Holder.newInvokeSpecial(java.lang.Object, long)'> (0x0000000091233e98) 
thrown [s\open\src\hotspot\share\interpreter\linkResolver.cpp, line 759]
Event: 1.224 Thread 0x0000027d34541bf0 Exception <a 'java/lang/NoSuchMethodError'{0x000000009123e3c8}: 'java.lang.Object java.lang.invoke.DirectMethodHandle$Holder.invokeStaticInit(java.lang.Object, java.lang.Object, long, java.lang.Object)'> (0x000000009123e3c8) 
thrown [s\open\src\hotspot\share\interpreter\linkResolver.cpp, line 759]
Event: 1.224 Thread 0x0000027d34541bf0 Exception <a 'java/lang/NoSuchMethodError'{0x00000000912449a0}: 'java.lang.Object java.lang.invoke.DirectMethodHandle$Holder.newInvokeSpecial(java.lang.Object, java.lang.Object, long)'> (0x00000000912449a0) 
thrown [s\open\src\hotspot\share\interpreter\linkResolver.cpp, line 759]
Event: 1.225 Thread 0x0000027d34541bf0 Exception <a 'java/lang/NoSuchMethodError'{0x0000000091248a60}: 'java.lang.Object java.lang.invoke.Invokers$Holder.linkToTargetMethod(java.lang.Object, long, java.lang.Object)'> (0x0000000091248a60) 
thrown [s\open\src\hotspot\share\interpreter\linkResolver.cpp, line 759]
Event: 1.238 Thread 0x0000027d9b62d900 Exception <a 'java/net/ConnectException'{0x0000000091108198}: Connection refused: no further information> (0x0000000091108198) 
thrown [s\open\src\hotspot\share\prims\jni.cpp, line 535]
Event: 1.238 Thread 0x0000027d9b62d900 Exception <a 'java/net/SocketException'{0x00000000911084d0}: Socket is not connected: shutdown> (0x00000000911084d0) 
thrown [s\open\src\hotspot\share\prims\jni.cpp, line 535]
Event: 1.250 Thread 0x0000027d9b62d900 Exception <a 'java/net/ConnectException'{0x00000000911094c8}: Connection refused: no further information> (0x00000000911094c8) 
thrown [s\open\src\hotspot\share\prims\jni.cpp, line 535]
Event: 1.250 Thread 0x0000027d9b62d900 Exception <a 'java/net/SocketException'{0x0000000091109800}: Socket is not connected: shutdown> (0x0000000091109800) 
thrown [s\open\src\hotspot\share\prims\jni.cpp, line 535]
Event: 1.301 Thread 0x0000027d34541bf0 Exception <a 'java/lang/NoSuchMethodError'{0x000000009118fed0}: 'double java.lang.invoke.DirectMethodHandle$Holder.invokeVirtual(java.lang.Object, java.lang.Object)'> (0x000000009118fed0) 
thrown [s\open\src\hotspot\share\interpreter\linkResolver.cpp, line 759]
Event: 1.301 Thread 0x0000027d34541bf0 Exception <a 'java/lang/NoSuchMethodError'{0x000000009119c9d0}: 'float java.lang.invoke.DirectMethodHandle$Holder.invokeVirtual(java.lang.Object, java.lang.Object)'> (0x000000009119c9d0) 
thrown [s\open\src\hotspot\share\interpreter\linkResolver.cpp, line 759]
Event: 1.302 Thread 0x0000027d34541bf0 Exception <a 'java/lang/NoSuchMethodError'{0x00000000911a5b98}: 'long java.lang.invoke.DirectMethodHandle$Holder.invokeVirtual(java.lang.Object, java.lang.Object)'> (0x00000000911a5b98) 
thrown [s\open\src\hotspot\share\interpreter\linkResolver.cpp, line 759]
Event: 1.322 Thread 0x0000027d34541bf0 Exception <a 'java/lang/NoSuchMethodError'{0x00000000910e0e70}: 'java.lang.Object java.lang.invoke.DirectMethodHandle$Holder.newInvokeSpecial(java.lang.Object, java.lang.Object, int, int)'> (0x00000000910e0e70) 
thrown [s\open\src\hotspot\share\interpreter\linkResolver.cpp, line 759]
Event: 1.323 Thread 0x0000027d34541bf0 Exception <a 'java/lang/NoSuchMethodError'{0x00000000910ebea8}: 'void java.lang.invoke.DirectMethodHandle$Holder.invokeStatic(java.lang.Object, java.lang.Object, int)'> (0x00000000910ebea8) 
thrown [s\open\src\hotspot\share\interpreter\linkResolver.cpp, line 759]

VM Operations (20 events):
Event: 0.636 Executing VM operation: HandshakeAllThreads
Event: 0.636 Executing VM operation: HandshakeAllThreads done
Event: 0.644 Executing VM operation: G1CollectForAllocation
Event: 0.653 Executing VM operation: G1CollectForAllocation done
Event: 0.661 Executing VM operation: HandshakeAllThreads
Event: 0.661 Executing VM operation: HandshakeAllThreads done
Event: 0.673 Executing VM operation: HandshakeAllThreads
Event: 0.673 Executing VM operation: HandshakeAllThreads done
Event: 0.724 Executing VM operation: HandshakeAllThreads
Event: 0.725 Executing VM operation: HandshakeAllThreads done
Event: 0.894 Executing VM operation: HandshakeAllThreads
Event: 0.894 Executing VM operation: HandshakeAllThreads done
Event: 1.042 Executing VM operation: ICBufferFull
Event: 1.042 Executing VM operation: ICBufferFull done
Event: 1.044 Executing VM operation: G1CollectForAllocation
Event: 1.063 Executing VM operation: G1CollectForAllocation done
Event: 1.287 Executing VM operation: HandshakeAllThreads
Event: 1.287 Executing VM operation: HandshakeAllThreads done
Event: 1.289 Executing VM operation: HandshakeAllThreads
Event: 1.289 Executing VM operation: HandshakeAllThreads done

Events (20 events):
Event: 1.355 loading class java/util/concurrent/Flow$Subscription done
Event: 1.356 loading class java/util/LinkedList$ListItr
Event: 1.356 loading class java/util/LinkedList$ListItr done
Event: 1.356 loading class java/util/Base64
Event: 1.357 loading class java/util/Base64 done
Event: 1.357 loading class java/util/Base64$Encoder
Event: 1.357 loading class java/util/Base64$Encoder done
Event: 1.359 loading class java/net/URLPermission
Event: 1.360 loading class java/net/URLPermission done
Event: 1.362 loading class java/util/concurrent/CompletableFuture$UniCompose
Event: 1.362 loading class java/util/concurrent/CompletableFuture$UniCompletion
Event: 1.363 loading class java/util/concurrent/CompletableFuture$UniCompletion done
Event: 1.363 loading class java/util/concurrent/CompletableFuture$UniCompose done
Event: 1.363 loading class java/util/concurrent/CompletableFuture$UniComposeExceptionally
Event: 1.364 loading class java/util/concurrent/CompletableFuture$UniComposeExceptionally done
Event: 1.365 Thread 0x0000027d9bf20d90 Thread added: 0x0000027d9bf20d90
Event: 1.366 loading class java/util/concurrent/CompletableFuture$UniWhenComplete
Event: 1.366 loading class java/util/concurrent/CompletableFuture$UniWhenComplete done
Event: 1.366 loading class java/time/Instant$1
Event: 1.367 loading class java/time/Instant$1 done


Dynamic libraries:
0x00007ff70c7a0000 - 0x00007ff70c7b0000 	C:\Program Files\Java\jdk-17\bin\java.exe
0x00007ffb09d10000 - 0x00007ffb09f08000 	C:\Windows\SYSTEM32\ntdll.dll
0x00007ffb08490000 - 0x00007ffb08551000 	C:\Windows\System32\KERNEL32.DLL
0x00007ffb07810000 - 0x00007ffb07b0d000 	C:\Windows\System32\KERNELBASE.dll
0x00007ffb07550000 - 0x00007ffb07650000 	C:\Windows\System32\ucrtbase.dll
0x00007ffabb180000 - 0x00007ffabb199000 	C:\Program Files\Java\jdk-17\bin\jli.dll
0x00007ffabb2d0000 - 0x00007ffabb2eb000 	C:\Program Files\Java\jdk-17\bin\VCRUNTIME140.dll
0x00007ffb08ae0000 - 0x00007ffb08b90000 	C:\Windows\System32\ADVAPI32.dll
0x00007ffb09370000 - 0x00007ffb0940e000 	C:\Windows\System32\msvcrt.dll
0x00007ffb094f0000 - 0x00007ffb09590000 	C:\Windows\System32\sechost.dll
0x00007ffb098e0000 - 0x00007ffb09a03000 	C:\Windows\System32\RPCRT4.dll
0x00007ffb07bc0000 - 0x00007ffb07be7000 	C:\Windows\System32\bcrypt.dll
0x00007ffb09590000 - 0x00007ffb0972d000 	C:\Windows\System32\USER32.dll
0x00007ffb07520000 - 0x00007ffb07542000 	C:\Windows\System32\win32u.dll
0x00007ffaf9960000 - 0x00007ffaf9bfa000 	C:\Windows\WinSxS\amd64_microsoft.windows.common-controls_6595b64144ccf1df_6.0.19041.4355_none_60b8b9eb71f62e16\COMCTL32.dll
0x00007ffb083b0000 - 0x00007ffb083db000 	C:\Windows\System32\GDI32.dll
0x00007ffb07650000 - 0x00007ffb07767000 	C:\Windows\System32\gdi32full.dll
0x00007ffb07770000 - 0x00007ffb0780d000 	C:\Windows\System32\msvcp_win.dll
0x00007ffafee10000 - 0x00007ffafee1a000 	C:\Windows\SYSTEM32\VERSION.dll
0x00007ffb08570000 - 0x00007ffb0859f000 	C:\Windows\System32\IMM32.DLL
0x00007ffadc760000 - 0x00007ffadc76c000 	C:\Program Files\Java\jdk-17\bin\vcruntime140_1.dll
0x00007ffabb0f0000 - 0x00007ffabb17e000 	C:\Program Files\Java\jdk-17\bin\msvcp140.dll
0x00007ffab32f0000 - 0x00007ffab3ece000 	C:\Program Files\Java\jdk-17\bin\server\jvm.dll
0x00007ffb080a0000 - 0x00007ffb080a8000 	C:\Windows\System32\PSAPI.DLL
0x00007ffafee20000 - 0x00007ffafee47000 	C:\Windows\SYSTEM32\WINMM.dll
0x00007ffaf16f0000 - 0x00007ffaf16f9000 	C:\Windows\SYSTEM32\WSOCK32.dll
0x00007ffb09300000 - 0x00007ffb0936b000 	C:\Windows\System32\WS2_32.dll
0x00007ffb05220000 - 0x00007ffb05232000 	C:\Windows\SYSTEM32\kernel.appcore.dll
0x00007ffad7da0000 - 0x00007ffad7daa000 	C:\Program Files\Java\jdk-17\bin\jimage.dll
0x00007ffb01330000 - 0x00007ffb01514000 	C:\Windows\SYSTEM32\DBGHELP.DLL
0x00007ffaf5580000 - 0x00007ffaf55b4000 	C:\Windows\SYSTEM32\dbgcore.DLL
0x00007ffb07bf0000 - 0x00007ffb07c72000 	C:\Windows\System32\bcryptPrimitives.dll
0x00007ffb04070000 - 0x00007ffb0407e000 	C:\Program Files\Java\jdk-17\bin\instrument.dll
0x00007ffab9c00000 - 0x00007ffab9c25000 	C:\Program Files\Java\jdk-17\bin\java.dll
0x00007ffab9b20000 - 0x00007ffab9bf7000 	C:\Program Files\Java\jdk-17\bin\jsvml.dll
0x00007ffb08b90000 - 0x00007ffb092ff000 	C:\Windows\System32\SHELL32.dll
0x00007ffb05440000 - 0x00007ffb05bdf000 	C:\Windows\SYSTEM32\windows.storage.dll
0x00007ffb07d40000 - 0x00007ffb08093000 	C:\Windows\System32\combase.dll
0x00007ffb06de0000 - 0x00007ffb06e0e000 	C:\Windows\SYSTEM32\Wldp.dll
0x00007ffb09af0000 - 0x00007ffb09bbd000 	C:\Windows\System32\OLEAUT32.dll
0x00007ffb09c20000 - 0x00007ffb09ccd000 	C:\Windows\System32\SHCORE.dll
0x00007ffb08a70000 - 0x00007ffb08ac5000 	C:\Windows\System32\shlwapi.dll
0x00007ffb072f0000 - 0x00007ffb07314000 	C:\Windows\SYSTEM32\profapi.dll
0x00007ffab9ac0000 - 0x00007ffab9ad8000 	C:\Program Files\Java\jdk-17\bin\zip.dll
0x00007ffab9b00000 - 0x00007ffab9b19000 	C:\Program Files\Java\jdk-17\bin\net.dll
0x00007ffb00560000 - 0x00007ffb0066d000 	C:\Windows\SYSTEM32\WINHTTP.dll
0x00007ffb06b40000 - 0x00007ffb06baa000 	C:\Windows\system32\mswsock.dll
0x00007ffab9ae0000 - 0x00007ffab9af6000 	C:\Program Files\Java\jdk-17\bin\nio.dll
0x00007ffaf9150000 - 0x00007ffaf916a000 	C:\Program Files\JetBrains\IntelliJ IDEA Community Edition 2023.1.4\bin\breakgen64.dll
0x00007ffab9ab0000 - 0x00007ffab9ac0000 	C:\Program Files\Java\jdk-17\bin\verify.dll
0x00007ffb06d40000 - 0x00007ffb06d58000 	C:\Windows\SYSTEM32\CRYPTSP.dll
0x00007ffb063f0000 - 0x00007ffb06424000 	C:\Windows\system32\rsaenh.dll
0x00007ffb07260000 - 0x00007ffb0728e000 	C:\Windows\SYSTEM32\USERENV.dll
0x00007ffb06d30000 - 0x00007ffb06d3c000 	C:\Windows\SYSTEM32\CRYPTBASE.dll
0x00007ffb067d0000 - 0x00007ffb0680b000 	C:\Windows\SYSTEM32\IPHLPAPI.DLL
0x00007ffb08560000 - 0x00007ffb08568000 	C:\Windows\System32\NSI.dll
0x00007ffb00f70000 - 0x00007ffb00f87000 	C:\Windows\SYSTEM32\dhcpcsvc6.DLL
0x00007ffb00f50000 - 0x00007ffb00f6d000 	C:\Windows\SYSTEM32\dhcpcsvc.DLL
0x00007ffb06810000 - 0x00007ffb068da000 	C:\Windows\SYSTEM32\DNSAPI.dll
0x00007ffaffad0000 - 0x00007ffaffada000 	C:\Windows\System32\rasadhlp.dll
0x00007ffaff0e0000 - 0x00007ffaff160000 	C:\Windows\System32\fwpuclnt.dll
0x00007ffaf9140000 - 0x00007ffaf914e000 	C:\Program Files\Java\jdk-17\bin\sunmscapi.dll
0x00007ffb073c0000 - 0x00007ffb0751e000 	C:\Windows\System32\CRYPT32.dll
0x00007ffb06e50000 - 0x00007ffb06e79000 	C:\Windows\SYSTEM32\ncrypt.dll
0x00007ffb06e10000 - 0x00007ffb06e4b000 	C:\Windows\SYSTEM32\NTASN1.dll
0x00007ffaf8930000 - 0x00007ffaf8937000 	C:\Windows\system32\wshunix.dll

dbghelp: loaded successfully - version: 4.0.5 - missing functions: none
symbol engine: initialized successfully - sym options: 0x614 - pdb path: .;C:\Program Files\Java\jdk-17\bin;C:\Windows\SYSTEM32;C:\Windows\WinSxS\amd64_microsoft.windows.common-controls_6595b64144ccf1df_6.0.19041.4355_none_60b8b9eb71f62e16;C:\Program Files\Java\jdk-17\bin\server;C:\Program Files\JetBrains\IntelliJ IDEA Community Edition 2023.1.4\bin

VM Arguments:
jvm_args: -ea -Didea.test.cyclic.buffer.size=1048576 -javaagent:C:\Program Files\JetBrains\IntelliJ IDEA Community Edition 2023.1.4\lib\idea_rt.jar=63641:C:\Program Files\JetBrains\IntelliJ IDEA Community Edition 2023.1.4\bin -Dfile.encoding=UTF-8 
java_command: com.intellij.rt.junit.JUnitStarter -ideVersion5 -junit5 org.example.tests.OnlinePaymentPopUpTest
java_class_path (initial): C:\Users\rusokolov\.m2\repository\org\junit\platform\junit-platform-launcher\1.11.0\junit-platform-launcher-1.11.0.jar;C:\Users\rusokolov\.m2\repository\org\junit\platform\junit-platform-engine\1.11.0\junit-platform-engine-1.11.0.jar;C:\Users\rusokolov\.m2\repository\org\junit\jupiter\junit-jupiter-engine\5.11.0\junit-jupiter-engine-5.11.0.jar;C:\Users\rusokolov\.m2\repository\org\junit\vintage\junit-vintage-engine\5.11.0\junit-vintage-engine-5.11.0.jar;C:\Program Files\JetBrains\IntelliJ IDEA Community Edition 2023.1.4\lib\idea_rt.jar;C:\Program Files\JetBrains\IntelliJ IDEA Community Edition 2023.1.4\plugins\junit\lib\junit5-rt.jar;C:\Program Files\JetBrains\IntelliJ IDEA Community Edition 2023.1.4\plugins\junit\lib\junit-rt.jar;C:\Aston\java_aston\target\test-classes;C:\Aston\java_aston\target\classes;C:\Users\rusokolov\.m2\repository\org\projectlombok\lombok\1.18.34\lombok-1.18.34.jar;C:\Users\rusokolov\.m2\repository\org\junit\jupiter\junit-jupiter-api\5.11.0\junit-jupiter-api-5.11.0.jar;C:\Users\rusokolov\.m2\repository\org\opentest4j\opentest4j\1.3.0\opentest4j-1.3.0.jar;C:\Users\rusokolov\.m2\repository\org\junit\platform\junit-platform-commons\1.11.0\junit-platform-commons-1.11.0.jar;C:\Users\rusokolov\.m2\repository\org\apiguardian\apiguardian-api\1.1.2\apiguardian-api-1.1.2.jar;C:\Users\rusokolov\.m2\repository\org\seleniumhq\selenium\selenium-java\4.24.0\selenium-java-4.24.0.jar;C:\Users\rusokolov\.m2\repository\org\seleniumhq\selenium\selenium-api\4.24.0\selenium-api-4.24.0.jar;C:\Users\rusokolov\.m2\repository\org\jspecify\jspecify\1.0.0\jspecify-1.0.0.jar;C:\Users\rusokolov\.m2\repository\org\seleniumhq\selenium\selenium-chrome-driver\4.24.0\selenium-chrome-driver-4.24.0.jar;C:\Users\rusokolov\.m2\repository\com\google\auto\service\auto-service-annotations\1.1.1\auto-service-annotations-1.1.1.jar;C:\Users\rusokolov\.m2\repository\org\seleniumhq\selenium\selenium-chromium-driver\4.24.0\selenium-chromium-driver-4.24.0.jar;C:
Launcher Type: SUN_STANDARD

[Global flags]
     intx CICompilerCount                          = 4                                         {product} {ergonomic}
     uint ConcGCThreads                            = 3                                         {product} {ergonomic}
     uint G1ConcRefinementThreads                  = 10                                        {product} {ergonomic}
   size_t G1HeapRegionSize                         = 1048576                                   {product} {ergonomic}
    uintx GCDrainStackTargetSize                   = 64                                        {product} {ergonomic}
   size_t InitialHeapSize                          = 123731968                                 {product} {ergonomic}
   size_t MarkStackSize                            = 4194304                                   {product} {ergonomic}
   size_t MaxHeapSize                              = 1977614336                                {product} {ergonomic}
   size_t MaxNewSize                               = 1185939456                                {product} {ergonomic}
   size_t MinHeapDeltaBytes                        = 1048576                                   {product} {ergonomic}
   size_t MinHeapSize                              = 8388608                                   {product} {ergonomic}
    uintx NonNMethodCodeHeapSize                   = 5839372                                {pd product} {ergonomic}
    uintx NonProfiledCodeHeapSize                  = 122909434                              {pd product} {ergonomic}
    uintx ProfiledCodeHeapSize                     = 122909434                              {pd product} {ergonomic}
    uintx ReservedCodeCacheSize                    = 251658240                              {pd product} {ergonomic}
     bool SegmentedCodeCache                       = true                                      {product} {ergonomic}
   size_t SoftMaxHeapSize                          = 1977614336                             {manageable} {ergonomic}
     bool UseCompressedClassPointers               = true                           {product lp64_product} {ergonomic}
     bool UseCompressedOops                        = true                           {product lp64_product} {ergonomic}
     bool UseG1GC                                  = true                                      {product} {ergonomic}
     bool UseLargePagesIndividualAllocation        = false                                  {pd product} {ergonomic}

Logging:
Log output configuration:
 #0: stdout all=warning uptime,level,tags
 #1: stderr all=off uptime,level,tags

Environment Variables:
PATH=C:\app\rusokolov\product\18.0.0\dbhomeXE\bin;C:\Program Files\Common Files\Oracle\Java\javapath;C:\Program Files (x86)\Common Files\Oracle\Java\javapath;C:\Windows\system32;C:\Windows;C:\Windows\System32\Wbem;C:\Windows\System32\WindowsPowerShell\v1.0\;C:\Program Files\Git\cmd;C:\Program Files (x86)\nodejs\;C:\Program Files\Microsoft SQL Server\150\Tools\Binn\;C:\maven\maven 4.0.0\bin;C:\Users\rusokolov\AppData\Local\Microsoft\WindowsApps;C:\Users\rusokolov\AppData\Local\Programs\Microsoft VS Code\bin;C:\Users\rusokolov\AppData\Roaming\npm;
USERNAME=rusokolov
OS=Windows_NT
PROCESSOR_IDENTIFIER=AMD64 Family 23 Model 104 Stepping 1, AuthenticAMD



---------------  S Y S T E M  ---------------

OS:
 Windows 10 , 64 bit Build 19041 (10.0.19041.4717)
OS uptime: 0 days 12:48 hours

CPU: total 12 (initial active 12) (12 cores per cpu, 2 threads per core) family 23 model 104 stepping 1 microcode 0x0, cx8, cmov, fxsr, ht, mmx, 3dnowpref, sse, sse2, sse3, ssse3, sse4a, sse4.1, sse4.2, popcnt, lzcnt, tsc, tscinvbit, avx, avx2, aes, clmul, bmi1, bmi2, adx, sha, fma, vzeroupper, clflush, clflushopt

Memory: 4k page, system-wide physical 7541M (1852M free)
TotalPageFile size 31093M (AvailPageFile size 6M)
current process WorkingSet (physical memory assigned to process): 147M, peak: 150M
current process commit charge ("private bytes"): 270M, peak: 271M

vm_info: Java HotSpot(TM) 64-Bit Server VM (17.0.8+9-LTS-211) for windows-amd64 JRE (17.0.8+9-LTS-211), built on Jun 14 2023 10:34:31 by "mach5one" with MS VC++ 17.1 (VS2022)

END.
